{"D:\\Нетологи js\\homeworks advanced\\hw7\\src\\js\\phones.js": {"path":"D:\\Нетологи js\\homeworks advanced\\hw7\\src\\js\\phones.js","statementMap":{"0":{"start":{"line":4,"column":26},"end":{"line":4,"column":60}},"1":{"start":{"line":6,"column":21},"end":{"line":6,"column":23}},"2":{"start":{"line":7,"column":22},"end":{"line":7,"column":24}},"3":{"start":{"line":10,"column":4},"end":{"line":15,"column":5}},"4":{"start":{"line":11,"column":8},"end":{"line":11,"column":71}},"5":{"start":{"line":12,"column":8},"end":{"line":12,"column":69}},"6":{"start":{"line":14,"column":8},"end":{"line":14,"column":34}},"7":{"start":{"line":18,"column":4},"end":{"line":28,"column":5}},"8":{"start":{"line":19,"column":8},"end":{"line":19,"column":40}},"9":{"start":{"line":22,"column":9},"end":{"line":28,"column":5}},"10":{"start":{"line":23,"column":8},"end":{"line":23,"column":56}},"11":{"start":{"line":27,"column":8},"end":{"line":27,"column":34}}},"fnMap":{"0":{"name":"cleanPhoneNumber","decl":{"start":{"line":2,"column":24},"end":{"line":2,"column":40}},"loc":{"start":{"line":2,"column":54},"end":{"line":29,"column":1}},"line":2}},"branchMap":{"0":{"loc":{"start":{"line":10,"column":4},"end":{"line":15,"column":5}},"type":"if","locations":[{"start":{"line":10,"column":4},"end":{"line":15,"column":5}},{"start":{"line":13,"column":11},"end":{"line":15,"column":5}}],"line":10},"1":{"loc":{"start":{"line":18,"column":4},"end":{"line":28,"column":5}},"type":"if","locations":[{"start":{"line":18,"column":4},"end":{"line":28,"column":5}},{"start":{"line":22,"column":9},"end":{"line":28,"column":5}}],"line":18},"2":{"loc":{"start":{"line":22,"column":9},"end":{"line":28,"column":5}},"type":"if","locations":[{"start":{"line":22,"column":9},"end":{"line":28,"column":5}},{"start":{"line":25,"column":9},"end":{"line":28,"column":5}}],"line":22}},"s":{"0":6,"1":6,"2":6,"3":6,"4":5,"5":5,"6":1,"7":5,"8":3,"9":2,"10":1,"11":1},"f":{"0":6},"b":{"0":[5,1],"1":[3,2],"2":[1,1]},"_coverageSchema":"1a1c01bbd47fc00a2c39e90264f33305004495a9","hash":"8b4cb03caa73d1806dc931c9d1bf5ef727b1ba70"}
,"D:\\Нетологи js\\homeworks advanced\\hw7\\src\\js\\validator.js": {"path":"D:\\Нетологи js\\homeworks advanced\\hw7\\src\\js\\validator.js","statementMap":{"0":{"start":{"line":5,"column":8},"end":{"line":7,"column":9}},"1":{"start":{"line":6,"column":12},"end":{"line":6,"column":25}},"2":{"start":{"line":10,"column":8},"end":{"line":12,"column":9}},"3":{"start":{"line":11,"column":12},"end":{"line":11,"column":25}},"4":{"start":{"line":15,"column":8},"end":{"line":17,"column":9}},"5":{"start":{"line":16,"column":12},"end":{"line":16,"column":25}},"6":{"start":{"line":19,"column":8},"end":{"line":19,"column":20}}},"fnMap":{"0":{"name":"(anonymous_0)","decl":{"start":{"line":3,"column":4},"end":{"line":3,"column":5}},"loc":{"start":{"line":3,"column":38},"end":{"line":20,"column":5}},"line":3}},"branchMap":{"0":{"loc":{"start":{"line":5,"column":8},"end":{"line":7,"column":9}},"type":"if","locations":[{"start":{"line":5,"column":8},"end":{"line":7,"column":9}},{"start":{},"end":{}}],"line":5},"1":{"loc":{"start":{"line":10,"column":8},"end":{"line":12,"column":9}},"type":"if","locations":[{"start":{"line":10,"column":8},"end":{"line":12,"column":9}},{"start":{},"end":{}}],"line":10},"2":{"loc":{"start":{"line":15,"column":8},"end":{"line":17,"column":9}},"type":"if","locations":[{"start":{"line":15,"column":8},"end":{"line":17,"column":9}},{"start":{},"end":{}}],"line":15}},"s":{"0":5,"1":1,"2":4,"3":1,"4":3,"5":1,"6":2},"f":{"0":5},"b":{"0":[1,4],"1":[1,3],"2":[1,2]},"_coverageSchema":"1a1c01bbd47fc00a2c39e90264f33305004495a9","hash":"b01aa3d2bfec674b7d6218a33b4ee3b4aafdd612"}
}
