TN:
SF:src\js\phones.js
FN:2,cleanPhoneNumber
FNF:1
FNH:1
FNDA:6,cleanPhoneNumber
DA:4,6
DA:6,6
DA:7,6
DA:10,6
DA:11,5
DA:12,5
DA:14,1
DA:18,5
DA:19,3
DA:22,2
DA:23,1
DA:27,1
LF:12
LH:12
BRDA:10,0,0,5
BRDA:10,0,1,1
BRDA:18,1,0,3
BRDA:18,1,1,2
BRDA:22,2,0,1
BRDA:22,2,1,1
BRF:6
BRH:6
end_of_record
TN:
SF:src\js\validator.js
FN:3,(anonymous_0)
FNF:1
FNH:1
FNDA:5,(anonymous_0)
DA:5,5
DA:6,1
DA:10,4
DA:11,1
DA:15,3
DA:16,1
DA:19,2
LF:7
LH:7
BRDA:5,0,0,1
BRDA:5,0,1,4
BRDA:10,1,0,1
BRDA:10,1,1,3
BRDA:15,2,0,1
BRDA:15,2,1,2
BRF:6
BRH:6
end_of_record
